<?xml version="1.0" encoding="UTF-8"?>
<!-- Generated by org.testng.reporters.JUnitReportReporter -->
<testsuite hostname="SANKET" failures="0" tests="1" name="sampleTest.SampleTest1" time="42.426" errors="0" timestamp="2021-11-16T00:34:50 IST" skipped="0">
  <testcase classname="sampleTest.SampleTest1" name="samplelogin" time="42.426"/>
  <system-out/>
</testsuite> <!-- sampleTest.SampleTest1 -->
